May-03 11:34:53.025 [main] DEBUG nextflow.cli.Launcher - $> nextflow run hello.nf
May-03 11:34:53.152 [main] INFO  nextflow.cli.CmdRun - N E X T F L O W  ~  version 22.04.0
May-03 11:34:53.323 [main] INFO  nextflow.cli.CmdRun - Launching `hello.nf` [nostalgic_shockley] DSL2 - revision: 82e528da80
May-03 11:34:53.341 [main] DEBUG nextflow.plugin.PluginsFacade - Setting up plugin manager > mode=prod; plugins-dir=/home/aaronfishman/.nextflow/plugins; core-plugins: nf-amazon@1.7.1,nf-azure@0.13.1,nf-console@1.0.3,nf-ga4gh@1.0.3,nf-google@1.1.4,nf-sqldb@0.4.0,nf-tower@1.4.0
May-03 11:34:53.344 [main] DEBUG nextflow.plugin.PluginsFacade - Plugins default=[]
May-03 11:34:53.361 [main] INFO  org.pf4j.DefaultPluginStatusProvider - Enabled plugins: []
May-03 11:34:53.362 [main] INFO  org.pf4j.DefaultPluginStatusProvider - Disabled plugins: []
May-03 11:34:53.366 [main] INFO  org.pf4j.DefaultPluginManager - PF4J version 3.4.1 in 'deployment' mode
May-03 11:34:53.382 [main] INFO  org.pf4j.AbstractPluginManager - No plugins
May-03 11:34:53.475 [main] DEBUG nextflow.Session - Session uuid: 557717e5-de78-4cd3-b5eb-349b8787c32b
May-03 11:34:53.475 [main] DEBUG nextflow.Session - Run name: nostalgic_shockley
May-03 11:34:53.478 [main] DEBUG nextflow.Session - Executor pool size: 4
May-03 11:34:53.536 [main] DEBUG nextflow.cli.CmdRun - 
  Version: 22.04.0 build 5697
  Created: 23-04-2022 18:00 UTC (19:00 BST)
  System: Linux 5.13.0-1022-aws
  Runtime: Groovy 3.0.10 on OpenJDK 64-Bit Server VM 11.0.15+10-Ubuntu-0ubuntu0.20.04.1
  Encoding: UTF-8 (UTF-8)
  Process: 7356@ranch-239 [192.168.4.47]
  CPUs: 4 - Mem: 15.4 GB (11.7 GB) - Swap: 0 (0)
May-03 11:34:53.573 [main] DEBUG nextflow.Session - Work-dir: /home/aaronfishman/repos/nf-demo/work [ext2/ext3]
May-03 11:34:53.573 [main] DEBUG nextflow.Session - Script base path does not exist or is not a directory: /home/aaronfishman/repos/nf-demo/bin
May-03 11:34:53.588 [main] DEBUG nextflow.executor.ExecutorFactory - Extension executors providers=[]
May-03 11:34:53.607 [main] DEBUG nextflow.Session - Observer factory: DefaultObserverFactory
May-03 11:34:53.655 [main] DEBUG nextflow.cache.CacheFactory - Using Nextflow cache factory: nextflow.cache.DefaultCacheFactory
May-03 11:34:53.676 [main] DEBUG nextflow.util.CustomThreadPool - Creating default thread pool > poolSize: 5; maxThreads: 1000
May-03 11:34:53.837 [main] DEBUG nextflow.Session - Session start invoked
May-03 11:34:54.736 [main] DEBUG nextflow.script.ScriptRunner - > Launching execution
May-03 11:34:55.048 [main] DEBUG nextflow.executor.ExecutorFactory - << taskConfig executor: null
May-03 11:34:55.048 [main] DEBUG nextflow.executor.ExecutorFactory - >> processorType: 'local'
May-03 11:34:55.055 [main] DEBUG nextflow.executor.Executor - [warm up] executor > local
May-03 11:34:55.063 [main] DEBUG n.processor.LocalPollingMonitor - Creating local task monitor for executor 'local' > cpus=4; memory=15.4 GB; capacity=4; pollInterval=100ms; dumpInterval=5m
May-03 11:34:55.190 [main] DEBUG nextflow.Session - Workflow process names [dsl2]: qc_fastq
May-03 11:34:55.191 [main] DEBUG nextflow.Session - Ignite dataflow network (2)
May-03 11:34:55.199 [PathVisitor-1] DEBUG nextflow.file.PathVisitor - files for syntax: glob; folder: /home/aaronfishman/repos/nf-demo/samples/; pattern: *_{1,2}.fastq.gz; options: [:]
May-03 11:34:55.205 [main] DEBUG nextflow.processor.TaskProcessor - Starting process > qc_fastq
May-03 11:34:55.209 [main] DEBUG nextflow.script.ScriptRunner - > Await termination 
May-03 11:34:55.209 [main] DEBUG nextflow.Session - Session await
May-03 11:34:55.507 [Task submitter] DEBUG nextflow.executor.LocalTaskHandler - Launch cmd line: /bin/bash -ue .command.run
May-03 11:34:55.513 [Task submitter] INFO  nextflow.Session - [f5/52e5e8] Submitted process > qc_fastq (1)
May-03 11:34:55.530 [Task submitter] DEBUG nextflow.executor.LocalTaskHandler - Launch cmd line: /bin/bash -ue .command.run
May-03 11:34:55.535 [Task submitter] INFO  nextflow.Session - [02/03efbb] Submitted process > qc_fastq (2)
May-03 11:34:55.575 [Task monitor] DEBUG n.processor.TaskPollingMonitor - Task completed > TaskHandler[id: 1; name: qc_fastq (1); status: COMPLETED; exit: 0; error: -; workDir: /home/aaronfishman/repos/nf-demo/work/f5/52e5e8882ec9f04ac05f95b4442823]
May-03 11:34:55.618 [Task monitor] DEBUG n.processor.TaskPollingMonitor - Task completed > TaskHandler[id: 2; name: qc_fastq (2); status: COMPLETED; exit: 0; error: -; workDir: /home/aaronfishman/repos/nf-demo/work/02/03efbb340cc762309c4adaf00bcd59]
May-03 11:34:55.624 [main] DEBUG nextflow.Session - Session await > all process finished
May-03 11:34:55.630 [main] DEBUG nextflow.Session - Session await > all barriers passed
May-03 11:34:55.644 [main] DEBUG nextflow.trace.WorkflowStatsObserver - Workflow completed > WorkflowStats[succeededCount=2; failedCount=0; ignoredCount=0; cachedCount=0; pendingCount=0; submittedCount=0; runningCount=0; retriesCount=0; abortedCount=0; succeedDuration=9ms; failedDuration=0ms; cachedDuration=0ms;loadCpus=0; loadMemory=0; peakRunning=1; peakCpus=1; peakMemory=0; ]
May-03 11:34:55.747 [main] DEBUG nextflow.cache.CacheDB - Closing CacheDB done
May-03 11:34:55.761 [main] DEBUG nextflow.script.ScriptRunner - > Execution complete -- Goodbye
